Using pre-set license
Built from '2020.3/staging' branch; Version is '2020.3.18f1 (a7d1c678663c) revision 10998214'; Using compiler version '192528614'; Build Type 'Release'
OS: 'Windows 10 Home; OS build 19042.1237; Version 2009; 64bit' Language: 'en' Physical Memory: 8008 MB
BatchMode: 1, IsHumanControllingUs: 0, StartBugReporterOnCrash: 0, Is64bit: 1, IsPro: 0

COMMAND LINE ARGUMENTS:
D:\Program Files (P)\2020.3.18f1\Editor\Unity.exe
-adb2
-batchMode
-noUpm
-name
AssetImportWorker0
-projectPath
D:/cpp_ws/OneDayGame/OneDayGame
-logFile
Logs/AssetImportWorker0.log
-srvPort
62320
Successfully changed project path to: D:/cpp_ws/OneDayGame/OneDayGame
D:/cpp_ws/OneDayGame/OneDayGame
Using Asset Import Pipeline V2.
Refreshing native plugins compatible for Editor in 39.39 ms, found 3 plugins.
Preloading 0 native plugins for Editor in 0.00 ms.
Initialize engine version: 2020.3.18f1 (a7d1c678663c)
[Subsystems] Discovering subsystems at path D:/Program Files (P)/2020.3.18f1/Editor/Data/Resources/UnitySubsystems
[Subsystems] Discovering subsystems at path D:/cpp_ws/OneDayGame/OneDayGame/Assets
GfxDevice: creating device client; threaded=0
Direct3D:
    Version:  Direct3D 11.0 [level 11.1]
    Renderer: Intel(R) UHD Graphics (ID=0x9b41)
    Vendor:   
    VRAM:     4004 MB
    Driver:   27.20.100.8935
Initialize mono
Mono path[0] = 'D:/Program Files (P)/2020.3.18f1/Editor/Data/Managed'
Mono path[1] = 'D:/Program Files (P)/2020.3.18f1/Editor/Data/MonoBleedingEdge/lib/mono/unityjit'
Mono config path = 'D:/Program Files (P)/2020.3.18f1/Editor/Data/MonoBleedingEdge/etc'
Using monoOptions --debugger-agent=transport=dt_socket,embedding=1,server=y,suspend=n,address=127.0.0.1:56744
Begin MonoManager ReloadAssembly
Registering precompiled unity dll's ...
Register platform support module: D:/Program Files (P)/2020.3.18f1/Editor/Data/PlaybackEngines/WebGLSupport/UnityEditor.WebGL.Extensions.dll
Register platform support module: D:/Program Files (P)/2020.3.18f1/Editor/Data/PlaybackEngines/WindowsStandaloneSupport/UnityEditor.WindowsStandalone.Extensions.dll
Registered in 0.001529 seconds.
Native extension for WindowsStandalone target not found
Native extension for WebGL target not found
Refreshing native plugins compatible for Editor in 54.06 ms, found 3 plugins.
Preloading 0 native plugins for Editor in 0.00 ms.
Mono: successfully reloaded assembly
- Completed reload, in  1.237 seconds
Domain Reload Profiling:
	ReloadAssembly (1237ms)
		BeginReloadAssembly (62ms)
			ExecutionOrderSort (0ms)
			DisableScriptedObjects (0ms)
			BackupInstance (0ms)
			ReleaseScriptingObjects (0ms)
			CreateAndSetChildDomain (1ms)
		EndReloadAssembly (550ms)
			LoadAssemblies (61ms)
			RebuildTransferFunctionScriptingTraits (0ms)
			SetupTypeCache (204ms)
			ReleaseScriptCaches (0ms)
			RebuildScriptCaches (43ms)
			SetupLoadedEditorAssemblies (217ms)
				LogAssemblyErrors (0ms)
				InitializePlatformSupportModulesInManaged (6ms)
				SetLoadedEditorAssemblies (0ms)
				RefreshPlugins (54ms)
				BeforeProcessingInitializeOnLoad (21ms)
				ProcessInitializeOnLoadAttributes (101ms)
				ProcessInitializeOnLoadMethodAttributes (35ms)
				AfterProcessingInitializeOnLoad (0ms)
				EditorAssembliesLoaded (0ms)
			ExecutionOrderSort2 (0ms)
			AwakeInstancesAfterBackupRestoration (0ms)
Platform modules already initialized, skipping
Registering precompiled user dll's ...
Registered in 0.002334 seconds.
Begin MonoManager ReloadAssembly
Native extension for WindowsStandalone target not found
Native extension for WebGL target not found
Refreshing native plugins compatible for Editor in 54.92 ms, found 3 plugins.
Preloading 0 native plugins for Editor in 0.00 ms.
Mono: successfully reloaded assembly
- Completed reload, in  1.402 seconds
Domain Reload Profiling:
	ReloadAssembly (1403ms)
		BeginReloadAssembly (172ms)
			ExecutionOrderSort (0ms)
			DisableScriptedObjects (6ms)
			BackupInstance (0ms)
			ReleaseScriptingObjects (0ms)
			CreateAndSetChildDomain (22ms)
		EndReloadAssembly (1163ms)
			LoadAssemblies (102ms)
			RebuildTransferFunctionScriptingTraits (0ms)
			SetupTypeCache (365ms)
			ReleaseScriptCaches (1ms)
			RebuildScriptCaches (60ms)
			SetupLoadedEditorAssemblies (457ms)
				LogAssemblyErrors (0ms)
				InitializePlatformSupportModulesInManaged (6ms)
				SetLoadedEditorAssemblies (0ms)
				RefreshPlugins (55ms)
				BeforeProcessingInitializeOnLoad (98ms)
				ProcessInitializeOnLoadAttributes (279ms)
				ProcessInitializeOnLoadMethodAttributes (16ms)
				AfterProcessingInitializeOnLoad (3ms)
				EditorAssembliesLoaded (0ms)
			ExecutionOrderSort2 (0ms)
			AwakeInstancesAfterBackupRestoration (10ms)
Platform modules already initialized, skipping
========================================================================
Worker process is ready to serve import requests
Launched and connected shader compiler UnityShaderCompiler.exe after 0.08 seconds
Refreshing native plugins compatible for Editor in 0.53 ms, found 3 plugins.
Preloading 0 native plugins for Editor in 0.00 ms.
Unloading 2094 Unused Serialized files (Serialized files now loaded: 0)
System memory in use before: 93.1 MB.
System memory in use after: 93.2 MB.

Unloading 26 unused Assets to reduce memory usage. Loaded Objects now: 2533.
Total: 3.894900 ms (FindLiveObjects: 0.240200 ms CreateObjectMapping: 0.090300 ms MarkObjects: 3.486500 ms  DeleteObjects: 0.076500 ms)

AssetImportParameters requested are different than current active one (requested -> active):
  custom:framework-win-MediaFoundation: 216162199b28c13a410421893ffa2e32 -> 
  custom:video-decoder-ogg-theora: a1e56fd34408186e4bbccfd4996cb3dc -> 
  custom:container-muxer-webm: aa71ff27fc2769a1b78a27578f13a17b -> 
  custom:container-demuxer-webm: 4f35f7cbe854078d1ac9338744f61a02 -> 
  custom:container-demuxer-ogg: 62fdf1f143b41e24485cea50d1cbac27 -> 
  custom:video-encoder-webm-vp8: eb34c28f22e8b96e1ab97ce403110664 -> 
  custom:video-codec-MediaFoundation-h265: 746d11721c4dcdbdad8f713fa42b33f4 -> 
  custom:video-decoder-webm-vp8: 9c59270c3fd7afecdb556c50c9e8de78 -> 
  custom:audio-decoder-ogg-vorbis: bf7c407c2cedff20999df2af8eb42d56 -> 
  custom:audio-encoder-webm-vorbis: bf7c407c2cedff20999df2af8eb42d56 -> 
========================================================================
Received Import Request.
  path: Assets/Sprites/sapphireIdle_04.png
  artifactKey: Guid(f3c9e504028095a4aa694acf40df100b) Importer(815301076,1909f56bfc062723c751e8b465ee728b)
Start importing Assets/Sprites/sapphireIdle_04.png using Guid(f3c9e504028095a4aa694acf40df100b) Importer(815301076,1909f56bfc062723c751e8b465ee728b)  -> (artifact id: 'ec1041d8a439a50771f2374e0903499e') in 0.183047 seconds 
  Import took 0.186852 seconds .

========================================================================
Received Import Request.
  Time since last request: 0.000240 seconds.
  path: Assets/Sprites/sapphireIdle_01.png
  artifactKey: Guid(cd60d9fc01e52624182a24ac317a821e) Importer(815301076,1909f56bfc062723c751e8b465ee728b)
Start importing Assets/Sprites/sapphireIdle_01.png using Guid(cd60d9fc01e52624182a24ac317a821e) Importer(815301076,1909f56bfc062723c751e8b465ee728b)  -> (artifact id: '9a84e1049d00053b52c4a75231a03c42') in 0.018502 seconds 
  Import took 0.023133 seconds .

========================================================================
Received Import Request.
  Time since last request: 0.000271 seconds.
  path: Assets/Sprites/sapphireIdle_03.png
  artifactKey: Guid(01bd0c1082e3e8b429daf4b5d06be1f0) Importer(815301076,1909f56bfc062723c751e8b465ee728b)
Start importing Assets/Sprites/sapphireIdle_03.png using Guid(01bd0c1082e3e8b429daf4b5d06be1f0) Importer(815301076,1909f56bfc062723c751e8b465ee728b)  -> (artifact id: 'fdee5fc1c24883c24cf83e077949c013') in 0.018974 seconds 
  Import took 0.023961 seconds .

========================================================================
Received Import Request.
  Time since last request: 0.000250 seconds.
  path: Assets/Sprites/sapphireIdle_02.png
  artifactKey: Guid(d664449ba545271428201733aa8893a0) Importer(815301076,1909f56bfc062723c751e8b465ee728b)
Start importing Assets/Sprites/sapphireIdle_02.png using Guid(d664449ba545271428201733aa8893a0) Importer(815301076,1909f56bfc062723c751e8b465ee728b)  -> (artifact id: '324e794efdc798effd8c3f12d677fa56') in 0.020754 seconds 
  Import took 0.025072 seconds .

========================================================================
Received Import Request.
  Time since last request: 0.002233 seconds.
  path: Assets/Sprites/sapphireIdle_03.png
  artifactKey: Guid(01bd0c1082e3e8b429daf4b5d06be1f0) Importer(815301076,1909f56bfc062723c751e8b465ee728b)
Start importing Assets/Sprites/sapphireIdle_03.png using Guid(01bd0c1082e3e8b429daf4b5d06be1f0) Importer(815301076,1909f56bfc062723c751e8b465ee728b)  -> (artifact id: 'fdee5fc1c24883c24cf83e077949c013') in 0.011787 seconds 
  Import took 0.017176 seconds .

========================================================================
Received Import Request.
  Time since last request: 56.143284 seconds.
  path: Assets/Sprites/sapphireIdle_04.png
  artifactKey: Guid(f3c9e504028095a4aa694acf40df100b) Importer(815301076,1909f56bfc062723c751e8b465ee728b)
Start importing Assets/Sprites/sapphireIdle_04.png using Guid(f3c9e504028095a4aa694acf40df100b) Importer(815301076,1909f56bfc062723c751e8b465ee728b)  -> (artifact id: '3def82df29ec2ab4973942e273551fc0') in 0.067148 seconds 
  Import took 0.071510 seconds .

========================================================================
Received Import Request.
  Time since last request: 0.000375 seconds.
  path: Assets/Sprites/sapphireIdle_01.png
  artifactKey: Guid(cd60d9fc01e52624182a24ac317a821e) Importer(815301076,1909f56bfc062723c751e8b465ee728b)
Start importing Assets/Sprites/sapphireIdle_01.png using Guid(cd60d9fc01e52624182a24ac317a821e) Importer(815301076,1909f56bfc062723c751e8b465ee728b)  -> (artifact id: '1479c70b3bb02b3342f695a258b7986e') in 0.012540 seconds 
  Import took 0.016849 seconds .

========================================================================
Received Import Request.
  Time since last request: 0.000179 seconds.
  path: Assets/Sprites/sapphireIdle_03.png
  artifactKey: Guid(01bd0c1082e3e8b429daf4b5d06be1f0) Importer(815301076,1909f56bfc062723c751e8b465ee728b)
Start importing Assets/Sprites/sapphireIdle_03.png using Guid(01bd0c1082e3e8b429daf4b5d06be1f0) Importer(815301076,1909f56bfc062723c751e8b465ee728b)  -> (artifact id: 'dd01232897d14841360e9fe15790ca59') in 0.013468 seconds 
  Import took 0.017409 seconds .

========================================================================
Received Import Request.
  Time since last request: 0.000221 seconds.
  path: Assets/Sprites/sapphireIdle_02.png
  artifactKey: Guid(d664449ba545271428201733aa8893a0) Importer(815301076,1909f56bfc062723c751e8b465ee728b)
Start importing Assets/Sprites/sapphireIdle_02.png using Guid(d664449ba545271428201733aa8893a0) Importer(815301076,1909f56bfc062723c751e8b465ee728b)  -> (artifact id: '5a8fd62e4d53af5df7235463a3e1d15e') in 0.014458 seconds 
  Import took 0.018091 seconds .

========================================================================
Received Prepare
Registering precompiled user dll's ...
Registered in 0.001978 seconds.
Begin MonoManager ReloadAssembly
Native extension for WindowsStandalone target not found
Native extension for WebGL target not found
Refreshing native plugins compatible for Editor in 0.55 ms, found 3 plugins.
Preloading 0 native plugins for Editor in 0.00 ms.
Mono: successfully reloaded assembly
- Completed reload, in  1.090 seconds
Domain Reload Profiling:
	ReloadAssembly (1090ms)
		BeginReloadAssembly (125ms)
			ExecutionOrderSort (0ms)
			DisableScriptedObjects (7ms)
			BackupInstance (0ms)
			ReleaseScriptingObjects (0ms)
			CreateAndSetChildDomain (39ms)
		EndReloadAssembly (901ms)
			LoadAssemblies (94ms)
			RebuildTransferFunctionScriptingTraits (0ms)
			SetupTypeCache (322ms)
			ReleaseScriptCaches (1ms)
			RebuildScriptCaches (49ms)
			SetupLoadedEditorAssemblies (322ms)
				LogAssemblyErrors (0ms)
				InitializePlatformSupportModulesInManaged (6ms)
				SetLoadedEditorAssemblies (0ms)
				RefreshPlugins (1ms)
				BeforeProcessingInitializeOnLoad (83ms)
				ProcessInitializeOnLoadAttributes (223ms)
				ProcessInitializeOnLoadMethodAttributes (6ms)
				AfterProcessingInitializeOnLoad (3ms)
				EditorAssembliesLoaded (0ms)
			ExecutionOrderSort2 (0ms)
			AwakeInstancesAfterBackupRestoration (12ms)
Platform modules already initialized, skipping
Refreshing native plugins compatible for Editor in 0.50 ms, found 3 plugins.
Preloading 0 native plugins for Editor in 0.00 ms.
Unloading 2084 Unused Serialized files (Serialized files now loaded: 0)
System memory in use before: 95.5 MB.
System memory in use after: 95.6 MB.

Unloading 14 unused Assets to reduce memory usage. Loaded Objects now: 2542.
Total: 3.697700 ms (FindLiveObjects: 0.230400 ms CreateObjectMapping: 0.078600 ms MarkObjects: 3.369000 ms  DeleteObjects: 0.018900 ms)

AssetImportParameters requested are different than current active one (requested -> active):
  custom:framework-win-MediaFoundation: 216162199b28c13a410421893ffa2e32 -> 
  custom:video-decoder-ogg-theora: a1e56fd34408186e4bbccfd4996cb3dc -> 
  custom:container-muxer-webm: aa71ff27fc2769a1b78a27578f13a17b -> 
  custom:container-demuxer-webm: 4f35f7cbe854078d1ac9338744f61a02 -> 
  custom:container-demuxer-ogg: 62fdf1f143b41e24485cea50d1cbac27 -> 
  custom:video-encoder-webm-vp8: eb34c28f22e8b96e1ab97ce403110664 -> 
  custom:video-codec-MediaFoundation-h265: 746d11721c4dcdbdad8f713fa42b33f4 -> 
  custom:video-decoder-webm-vp8: 9c59270c3fd7afecdb556c50c9e8de78 -> 
  custom:audio-decoder-ogg-vorbis: bf7c407c2cedff20999df2af8eb42d56 -> 
  custom:audio-encoder-webm-vorbis: bf7c407c2cedff20999df2af8eb42d56 -> 
AssetImportWorkerClient::OnTransportError - code=2 error=End of file
